\BOOKMARK [1][-]{cover.1}{\376\377\134\001\227\142}{}% 1
\BOOKMARK [1][-]{abscn.1}{\376\377\144\130\211\201}{}% 2
\BOOKMARK [1][-]{absen.1}{\376\377\000A\000b\000s\000t\000r\000a\000c\000t}{}% 3
\BOOKMARK [1][-]{toc.1}{\376\377\166\356\137\125}{}% 4
\BOOKMARK [0][-]{chapter.1}{\376\377\173\054\116\000\172\340\000\040\000\040\176\352\213\272}{}% 5
\BOOKMARK [1][-]{section.1.1}{\376\377\0001\000.\0001\000\040\170\024\172\166\200\314\146\157\123\312\141\017\116\111}{chapter.1}% 6
\BOOKMARK [1][-]{section.1.2}{\376\377\0001\000.\0002\000\040\126\375\121\205\131\026\123\321\134\125\163\260\162\266}{chapter.1}% 7
\BOOKMARK [2][-]{subsection.1.2.1}{\376\377\0001\000.\0002\000.\0001\000\040\137\256\147\015\122\241\170\024\172\166\163\260\162\266}{section.1.2}% 8
\BOOKMARK [2][-]{subsection.1.2.2}{\376\377\0001\000.\0002\000.\0002\000\040\145\117\143\167\137\000\123\321\136\163\123\360\170\024\172\166\163\260\162\266}{section.1.2}% 9
\BOOKMARK [1][-]{section.1.3}{\376\377\0001\000.\0003\000\040\147\054\145\207\166\204\116\073\211\201\135\345\117\134}{chapter.1}% 10
\BOOKMARK [1][-]{section.1.4}{\376\377\0001\000.\0004\000\040\147\054\145\207\166\204\176\304\176\307\176\323\147\204}{chapter.1}% 11
\BOOKMARK [1][-]{section.1.5}{\376\377\0001\000.\0005\000\040\147\054\172\340\134\017\176\323}{chapter.1}% 12
\BOOKMARK [0][-]{chapter.2}{\376\377\173\054\116\214\172\340\000\040\000\040\230\171\166\356\121\163\225\056\142\200\147\057\122\006\147\220}{}% 13
\BOOKMARK [1][-]{section.2.1}{\376\377\0002\000.\0001\000\040\137\256\147\015\122\241\150\106\147\266\000S\000p\000r\000i\000n\000g\000\040\000C\000l\000o\000u\000d}{chapter.2}% 14
\BOOKMARK [1][-]{section.2.2}{\376\377\0002\000.\0002\000\040\000A\000P\000I\177\121\121\163\000S\000p\000r\000i\000n\000g\000\040\000G\000a\000t\000e\000w\000a\000y}{chapter.2}% 15
\BOOKMARK [1][-]{section.2.3}{\376\377\0002\000.\0003\000\040\000O\000A\000u\000t\000h\0002\000.\0000\124\214\000S\000p\000r\000i\000n\000g\000\040\000S\000e\000c\000u\000r\000i\000t\000y}{chapter.2}% 16
\BOOKMARK [1][-]{section.2.4}{\376\377\0002\000.\0004\000\040\000N\000o\000S\000Q\000L\225\056\120\074\145\160\143\156\136\223\000R\000e\000d\000i\000s}{chapter.2}% 17
\BOOKMARK [1][-]{section.2.5}{\376\377\0002\000.\0005\000\040\226\077\221\314\116\221\000O\000S\000S}{chapter.2}% 18
\BOOKMARK [1][-]{section.2.6}{\376\377\0002\000.\0006\000\040\152\041\147\177\137\025\144\316\000V\000e\000l\000o\000c\000i\000t\000y\124\214\000P\000o\000i\000-\000t\000l}{chapter.2}% 19
\BOOKMARK [1][-]{section.2.7}{\376\377\0002\000.\0007\000\040\000B\000/\000S\147\266\147\204}{chapter.2}% 20
\BOOKMARK [1][-]{section.2.8}{\376\377\0002\000.\0008\000\040\122\115\172\357\147\204\136\372\150\106\147\266\000V\000u\000e\124\214\176\304\116\366\136\223\000E\000l\000e\000m\000e\000n\000t\000\040\000U\000I}{chapter.2}% 21
\BOOKMARK [1][-]{section.2.9}{\376\377\0002\000.\0009\000\040\147\054\172\340\134\017\176\323}{chapter.2}% 22
\BOOKMARK [0][-]{chapter.3}{\376\377\173\054\116\011\172\340\000\040\000\040\230\171\166\356\227\000\154\102\122\006\147\220}{}% 23
\BOOKMARK [1][-]{section.3.1}{\376\377\0003\000.\0001\000\040\230\171\166\356\151\202\217\360}{chapter.3}% 24
\BOOKMARK [1][-]{section.3.2}{\376\377\0003\000.\0002\000\040\230\171\166\356\122\237\200\375\140\047\227\000\154\102}{chapter.3}% 25
\BOOKMARK [1][-]{section.3.3}{\376\377\0003\000.\0003\000\040\230\171\166\356\227\136\122\237\200\375\140\047\227\000\154\102}{chapter.3}% 26
\BOOKMARK [1][-]{section.3.4}{\376\377\0003\000.\0004\000\040\147\054\172\340\134\017\176\323}{chapter.3}% 27
\BOOKMARK [0][-]{chapter.4}{\376\377\173\054\126\333\172\340\000\040\000\040\230\171\166\356\213\276\213\241\116\016\133\236\163\260}{}% 28
\BOOKMARK [1][-]{section.4.1}{\376\377\0004\000.\0001\000\040\230\171\166\356\140\073\117\123\213\276\213\241}{chapter.4}% 29
\BOOKMARK [1][-]{section.4.2}{\376\377\0004\000.\0002\000\040\145\160\143\156\133\130\120\250\134\102\213\346\176\306\213\276\213\241}{chapter.4}% 30
\BOOKMARK [2][-]{subsection.4.2.1}{\376\377\0004\000.\0002\000.\0001\000\040\121\163\174\373\127\213\145\160\143\156\136\223\000M\000y\000S\000Q\000L}{section.4.2}% 31
\BOOKMARK [2][-]{subsection.4.2.2}{\376\377\0004\000.\0002\000.\0002\000\040\227\136\121\163\174\373\127\213\145\160\143\156\136\223\000R\000e\000d\000i\000s}{section.4.2}% 32
\BOOKMARK [1][-]{section.4.3}{\376\377\0004\000.\0003\000\040\147\015\122\241\134\102\220\032\165\050\213\276\213\241}{chapter.4}% 33
\BOOKMARK [2][-]{subsection.4.3.1}{\376\377\0004\000.\0003\000.\0001\000\040\147\015\122\241\154\350\121\214\116\016\123\321\163\260}{section.4.3}% 34
\BOOKMARK [2][-]{subsection.4.3.2}{\376\377\0004\000.\0003\000.\0002\000\040\122\006\136\003\137\017\121\150\134\100\221\115\177\156}{section.4.3}% 35
\BOOKMARK [2][-]{subsection.4.3.3}{\376\377\0004\000.\0003\000.\0003\000\040\000A\000P\000I\177\121\121\163\147\015\122\241}{section.4.3}% 36
\BOOKMARK [2][-]{subsection.4.3.4}{\376\377\0004\000.\0003\000.\0004\000\040\147\015\122\241\214\003\165\050\116\016\130\360\146\016\137\017\143\245\123\343}{section.4.3}% 37
\BOOKMARK [1][-]{section.4.4}{\376\377\0004\000.\0004\000\040\147\015\122\241\134\102\220\032\165\050\213\276\213\241}{chapter.4}% 38
\BOOKMARK [2][-]{subsection.4.4.1}{\376\377\0004\000.\0004\000.\0001\000\040\174\173\176\323\147\204\134\102\153\041\213\276\213\241}{section.4.4}% 39
\BOOKMARK [2][-]{subsection.4.4.2}{\376\377\0004\000.\0004\000.\0002\000\040\124\315\136\224\155\210\140\157\117\123\213\276\213\241}{section.4.4}% 40
\BOOKMARK [2][-]{subsection.4.4.3}{\376\377\0004\000.\0004\000.\0003\000\040\143\320\123\326\121\154\121\161\152\041\127\127}{section.4.4}% 41
\BOOKMARK [2][-]{subsection.4.4.4}{\376\377\0004\000.\0004\000.\0004\000\040\176\337\116\000\213\244\213\301\222\164\147\103}{section.4.4}% 42
\BOOKMARK [2][-]{subsection.4.4.5}{\376\377\0004\000.\0004\000.\0005\000\040\145\160\143\156\136\223\166\370\121\163\133\371\214\141\116\073\117\123\174\173\213\276\213\241}{section.4.4}% 43
\BOOKMARK [1][-]{section.4.5}{\376\377\0004\000.\0005\000\040\230\171\166\356\152\041\127\127\150\070\137\303\122\237\200\375\213\346\176\306\213\276\213\241}{chapter.4}% 44
\BOOKMARK [2][-]{subsection.4.5.1}{\376\377\0004\000.\0005\000.\0001\000\040\154\350\121\214\166\173\137\125\152\041\127\127\213\346\176\306\213\276\213\241}{section.4.5}% 45
\BOOKMARK [2][-]{subsection.4.5.2}{\376\377\0004\000.\0005\000.\0002\000\040\145\160\143\156\136\223\116\343\170\001\201\352\122\250\165\037\142\020\152\041\127\127\213\346\176\306\213\276\213\241}{section.4.5}% 46
\BOOKMARK [2][-]{subsection.4.5.3}{\376\377\0004\000.\0005\000.\0003\000\040\145\160\143\156\136\223\143\317\217\360\145\207\150\143\201\352\122\250\165\037\142\020\152\041\127\127\213\346\176\306\213\276\213\241}{section.4.5}% 47
\BOOKMARK [2][-]{subsection.4.5.4}{\376\377\0004\000.\0005\000.\0004\000\040\145\207\116\366\162\110\147\054\173\241\164\006\152\041\127\127\213\346\176\306\213\276\213\241}{section.4.5}% 48
\BOOKMARK [2][-]{subsection.4.5.5}{\376\377\0004\000.\0005\000.\0005\000\040\126\364\176\325\145\160\143\156\136\223\166\204\147\015\122\241\176\304\116\366\136\223\152\041\127\127\213\346\176\306\213\276\213\241}{section.4.5}% 49
\BOOKMARK [1][-]{section.4.6}{\376\377\0004\000.\0006\000\040\147\054\172\340\134\017\176\323}{chapter.4}% 50
\BOOKMARK [0][-]{chapter.5}{\376\377\173\054\116\224\172\340\000\040\000\040\230\171\166\356\155\113\213\325\116\016\176\323\147\234\134\125\171\072}{}% 51
\BOOKMARK [1][-]{section.5.1}{\376\377\0005\000.\0001\000\040\230\171\166\356\155\113\213\325\163\257\130\203}{chapter.5}% 52
\BOOKMARK [1][-]{section.5.2}{\376\377\0005\000.\0002\000\040\230\171\166\356\150\070\137\303\122\237\200\375\155\113\213\325\217\307\172\013\123\312\176\323\147\234}{chapter.5}% 53
\BOOKMARK [2][-]{subsection.5.2.1}{\376\377\0005\000.\0002\000.\0001\000\040\154\350\121\214\166\173\137\125\152\041\127\127\155\113\213\325}{section.5.2}% 54
\BOOKMARK [2][-]{subsection.5.2.2}{\376\377\0005\000.\0002\000.\0002\000\040\145\160\143\156\136\223\116\343\170\001\201\352\122\250\165\037\142\020\152\041\127\127\155\113\213\325}{section.5.2}% 55
\BOOKMARK [2][-]{subsection.5.2.3}{\376\377\0005\000.\0002\000.\0003\000\040\145\160\143\156\136\223\143\317\217\360\145\207\150\143\201\352\122\250\165\037\142\020\152\041\127\127\155\113\213\325}{section.5.2}% 56
\BOOKMARK [2][-]{subsection.5.2.4}{\376\377\0005\000.\0002\000.\0004\000\040\145\207\116\366\162\110\147\054\173\241\164\006\152\041\127\127\213\346\176\306\213\276\213\241\155\113\213\325}{section.5.2}% 57
\BOOKMARK [2][-]{subsection.5.2.5}{\376\377\0005\000.\0002\000.\0005\000\040\126\364\176\325\145\160\143\156\136\223\166\204\147\015\122\241\176\304\116\366\136\223\152\041\127\127\155\113\213\325}{section.5.2}% 58
\BOOKMARK [1][-]{section.5.3}{\376\377\0005\000.\0003\000\040\147\054\172\340\134\017\176\323}{chapter.5}% 59
\BOOKMARK [0][-]{chapter.6}{\376\377\173\054\121\155\172\340\000\040\000\040\140\073\176\323\116\016\134\125\147\033}{}% 60
\BOOKMARK [1][-]{section.6.1}{\376\377\0006\000.\0001\000\040\135\345\117\134\140\073\176\323}{chapter.6}% 61
\BOOKMARK [1][-]{section.6.2}{\376\377\0006\000.\0002\000\040\135\345\117\134\134\125\147\033}{chapter.6}% 62
\BOOKMARK [2][-]{subsection.6.2.1}{\376\377\0006\000.\0002\000.\0001\000\040\145\160\133\127\217\154\116\055\145\207}{section.6.2}% 63
\BOOKMARK [1][-]{section.6.3}{\376\377\0006\000.\0003\000\040\210\150\150\074}{chapter.6}% 64
\BOOKMARK [2][-]{subsection.6.3.1}{\376\377\0006\000.\0003\000.\0001\000\040\146\156\220\032\210\150\150\074}{section.6.3}% 65
\BOOKMARK [2][-]{subsection.6.3.2}{\376\377\0006\000.\0003\000.\0002\000\040\131\015\147\102\160\271\166\204\210\150\150\074}{section.6.3}% 66
\BOOKMARK [2][-]{subsection.6.3.3}{\376\377\0006\000.\0003\000.\0003\000\040\225\177\210\150\150\074}{section.6.3}% 67
\BOOKMARK [1][-]{section.6.4}{\376\377\0006\000.\0004\000\040\126\376\162\107}{chapter.6}% 68
\BOOKMARK [2][-]{subsection.6.4.1}{\376\377\0006\000.\0004\000.\0001\000\040\146\156\220\032\126\376\162\107\166\204\143\322\121\145}{section.6.4}% 69
\BOOKMARK [2][-]{subsection.6.4.2}{\376\377\0006\000.\0004\000.\0002\000\040\126\376\162\107\136\166\143\222\143\322\121\145}{section.6.4}% 70
\BOOKMARK [1][-]{section.6.5}{\376\377\0006\000.\0005\000\040\121\154\137\017}{chapter.6}% 71
\BOOKMARK [2][-]{subsection.6.5.1}{\376\377\0006\000.\0005\000.\0001\000\040\146\156\220\032\121\154\137\017}{section.6.5}% 72
\BOOKMARK [2][-]{subsection.6.5.2}{\376\377\0006\000.\0005\000.\0002\000\040\131\015\147\102\121\154\137\017}{section.6.5}% 73
\BOOKMARK [1][-]{section.6.6}{\376\377\0006\000.\0006\000\040\117\021\140\157\116\000\116\013}{chapter.6}% 74
\BOOKMARK [2][-]{subsection.6.6.1}{\376\377\0006\000.\0006\000.\0001\000\040\134\161\154\064\116\113\225\364}{section.6.6}% 75
\BOOKMARK [2][-]{subsection.6.6.2}{\376\377\0006\000.\0006\000.\0002\000\040\137\365\131\164\132\007\000\267\215\144\130\301\140\000\123\344}{section.6.6}% 76
\BOOKMARK [0][-]{chapter.7}{\376\377\173\054\116\003\172\340\000\040\000\040\116\044\116\052\221\315\160\271}{}% 77
\BOOKMARK [1][-]{section.7.1}{\376\377\0007\000.\0001\000\040\163\257\130\203}{chapter.7}% 78
\BOOKMARK [2][-]{subsection.7.1.1}{\376\377\0007\000.\0001\000.\0001\000\040\133\232\164\006\174\173\163\257\130\203}{section.7.1}% 79
\BOOKMARK [2][-]{subsection.7.1.2}{\376\377\0007\000.\0001\000.\0002\000\040\173\227\154\325\163\257\130\203}{section.7.1}% 80
\BOOKMARK [2][-]{subsection.7.1.3}{\376\377\0007\000.\0001\000.\0003\000\040\116\343\170\001\163\257\130\203}{section.7.1}% 81
\BOOKMARK [1][-]{section.7.2}{\376\377\0007\000.\0002\000\040\123\302\200\003\145\207\163\056\166\204\137\025\165\050}{chapter.7}% 82
\BOOKMARK [0][-]{chapter*.35}{\376\377\201\364\214\042}{}% 83
\BOOKMARK [0][-]{section*.36}{\376\377\123\302\200\003\145\207\163\056}{}% 84
\BOOKMARK [0][-]{appendix.A}{\376\377\226\104\137\125\000\040\000A\000\040\000\040\145\160\143\156}{}% 85
\BOOKMARK [1][-]{section.A.1}{\376\377\000A\000.\0001\000\040\145\076\147\176\116\000\116\013}{appendix.A}% 86
\BOOKMARK [2][-]{subsection.A.1.1}{\376\377\000A\000.\0001\000.\0001\000\040\140\312\236\077\116\000\227\142}{section.A.1}% 87
\BOOKMARK [2][-]{subsection.A.1.2}{\376\377\000A\000.\0001\000.\0002\000\040\145\340\230\230}{section.A.1}% 88
\BOOKMARK [1][-]{section.A.2}{\376\377\000A\000.\0002\000\040\116\343\170\001}{appendix.A}% 89
